<?xml version="1.0" encoding="UTF-8"?>
<!-- Generated by org.testng.reporters.JUnitXMLReporter -->
<testsuite hostname="LAPTOP" ignored="3" name="Test_Login_Social" tests="2" failures="0" timestamp="04 Apr 2019 09:33:20 GMT" time="16.273" errors="0">
  <testcase name="homePage" time="7.307" classname="Xamplify_TNG.Login_Social"/>
  <testcase name="general_login" time="8.902" classname="Xamplify_TNG.Login_Social"/>
  <testcase name="facebook" time="0.0" classname="Xamplify_TNG.Login_Social">
    <ignored/>
  </testcase> <!-- facebook -->
  <testcase name="twitter" time="0.0" classname="Xamplify_TNG.Login_Social">
    <ignored/>
  </testcase> <!-- twitter -->
  <testcase name="Linkedin" time="0.0" classname="Xamplify_TNG.Login_Social">
    <ignored/>
  </testcase> <!-- Linkedin -->
</testsuite> <!-- Test_Login_Social -->
