<?xml version="1.0" encoding="UTF-8"?>
<!-- Generated by org.testng.reporters.JUnitXMLReporter -->
<testsuite hostname="Laptop" ignored="3" name="Test_partners" tests="1" failures="0" timestamp="17 Dec 2018 05:25:12 GMT" time="33.608" errors="0">
  <testcase name="partner_login" time="33.466" classname="Xamplify_TNG.PartnerLogin"/>
  <testcase name="partner_campaigns" time="0.0" classname="Xamplify_TNG.PartnerLogin">
    <ignored/>
  </testcase> <!-- partner_campaigns -->
  <testcase name="redistribute" time="0.0" classname="Xamplify_TNG.PartnerLogin">
    <ignored/>
  </testcase> <!-- redistribute -->
  <testcase name="auto_email" time="0.0" classname="Xamplify_TNG.PartnerLogin">
    <ignored/>
  </testcase> <!-- auto_email -->
</testsuite> <!-- Test_partners -->
