<?xml version="1.0" encoding="UTF-8"?>
<testng-results skipped="0" failed="1" ignored="5" total="11" passed="5">
  <reporter-output>
  </reporter-output>
  <suite name="Suite" duration-ms="290938" started-at="2019-04-04T09:33:03Z" finished-at="2019-04-04T09:37:54Z">
    <groups>
    </groups>
    <test name="Test_Login_Social" duration-ms="16273" started-at="2019-04-04T09:33:03Z" finished-at="2019-04-04T09:33:20Z">
      <class name="Xamplify_TNG.Login_Social">
        <test-method status="PASS" signature="homePage()[pri:1, instance:Xamplify_TNG.Login_Social@54c5a2ff]" name="homePage" duration-ms="7307" started-at="2019-04-04T09:33:03Z" finished-at="2019-04-04T09:33:11Z">
          <reporter-output>
          </reporter-output>
        </test-method> <!-- homePage -->
        <test-method status="PASS" signature="general_login()[pri:5, instance:Xamplify_TNG.Login_Social@54c5a2ff]" name="general_login" duration-ms="8902" started-at="2019-04-04T09:33:11Z" finished-at="2019-04-04T09:33:20Z">
          <reporter-output>
          </reporter-output>
        </test-method> <!-- general_login -->
      </class> <!-- Xamplify_TNG.Login_Social -->
    </test> <!-- Test_Login_Social -->
    <test name="TestUploadContent" duration-ms="274612" started-at="2019-04-04T09:33:20Z" finished-at="2019-04-04T09:37:54Z">
      <class name="Xamplify_TNG.UploadContent">
        <test-method status="PASS" signature="Content_MouseHover()[pri:0, instance:Xamplify_TNG.UploadContent@3a7442c7]" name="Content_MouseHover" is-config="true" duration-ms="17438" started-at="2019-04-04T09:33:20Z" finished-at="2019-04-04T09:33:37Z">
          <reporter-output>
          </reporter-output>
        </test-method> <!-- Content_MouseHover -->
        <test-method status="PASS" signature="video_dropbox()[pri:2, instance:Xamplify_TNG.UploadContent@3a7442c7]" name="video_dropbox" duration-ms="67876" started-at="2019-04-04T09:33:37Z" finished-at="2019-04-04T09:34:45Z">
          <reporter-output>
          </reporter-output>
        </test-method> <!-- video_dropbox -->
        <test-method status="PASS" signature="Content_MouseHover()[pri:0, instance:Xamplify_TNG.UploadContent@3a7442c7]" name="Content_MouseHover" is-config="true" duration-ms="17489" started-at="2019-04-04T09:34:45Z" finished-at="2019-04-04T09:35:02Z">
          <reporter-output>
          </reporter-output>
        </test-method> <!-- Content_MouseHover -->
        <test-method status="PASS" signature="video_box()[pri:3, instance:Xamplify_TNG.UploadContent@3a7442c7]" name="video_box" duration-ms="62322" started-at="2019-04-04T09:35:02Z" finished-at="2019-04-04T09:36:05Z">
          <reporter-output>
          </reporter-output>
        </test-method> <!-- video_box -->
        <test-method status="PASS" signature="Content_MouseHover()[pri:0, instance:Xamplify_TNG.UploadContent@3a7442c7]" name="Content_MouseHover" is-config="true" duration-ms="17593" started-at="2019-04-04T09:36:05Z" finished-at="2019-04-04T09:36:22Z">
          <reporter-output>
          </reporter-output>
        </test-method> <!-- Content_MouseHover -->
        <test-method status="PASS" signature="Content_Dropbox()[pri:5, instance:Xamplify_TNG.UploadContent@3a7442c7]" name="Content_Dropbox" duration-ms="51945" started-at="2019-04-04T09:36:22Z" finished-at="2019-04-04T09:37:14Z">
          <reporter-output>
          </reporter-output>
        </test-method> <!-- Content_Dropbox -->
        <test-method status="PASS" signature="Content_MouseHover()[pri:0, instance:Xamplify_TNG.UploadContent@3a7442c7]" name="Content_MouseHover" is-config="true" duration-ms="17473" started-at="2019-04-04T09:37:14Z" finished-at="2019-04-04T09:37:32Z">
          <reporter-output>
          </reporter-output>
        </test-method> <!-- Content_MouseHover -->
        <test-method status="FAIL" signature="Content_box()[pri:6, instance:Xamplify_TNG.UploadContent@3a7442c7]" name="Content_box" duration-ms="22434" started-at="2019-04-04T09:37:32Z" finished-at="2019-04-04T09:37:54Z">
          <exception class="org.openqa.selenium.NoSuchElementException">
            <message>
              <![CDATA[no such element: Unable to locate element: {"method":"xpath","selector":"//input[@name='f_356424112961']"}
  (Session info: chrome=73.0.3683.86)
  (Driver info: chromedriver=2.43.600210 (68dcf5eebde37173d4027fa8635e332711d2874a),platform=Windows NT 6.1.7601 SP1 x86_64) (WARNING: The server did not provide any stacktrace information)
Command duration or timeout: 0 milliseconds
For documentation on this error, please visit: http://seleniumhq.org/exceptions/no_such_element.html
Build info: version: '3.11.0', revision: 'e59cfb3', time: '2018-03-11T20:26:55.152Z'
System info: host: 'LAPTOP', ip: '172.16.16.54', os.name: 'Windows 7', os.arch: 'amd64', os.version: '6.1', java.version: '1.8.0_181'
Driver info: org.openqa.selenium.chrome.ChromeDriver
Capabilities {acceptInsecureCerts: false, acceptSslCerts: false, applicationCacheEnabled: false, browserConnectionEnabled: false, browserName: chrome, chrome: {chromedriverVersion: 2.43.600210 (68dcf5eebde371..., userDataDir: C:\Users\anojk\AppData\Loca...}, cssSelectorsEnabled: true, databaseEnabled: false, goog:chromeOptions: {debuggerAddress: localhost:56867}, handlesAlerts: true, hasTouchScreen: false, javascriptEnabled: true, locationContextEnabled: true, mobileEmulationEnabled: false, nativeEvents: true, networkConnectionEnabled: false, pageLoadStrategy: normal, platform: XP, platformName: XP, rotatable: false, setWindowRect: true, takesHeapSnapshot: true, takesScreenshot: true, unexpectedAlertBehaviour: , unhandledPromptBehavior: , version: 73.0.3683.86, webStorageEnabled: true}
Session ID: 92300fb1832b7a6b96bb66156feabdff
*** Element info: {Using=xpath, value=//input[@name='f_356424112961']}]]>
            </message>
            <full-stacktrace>
              <![CDATA[org.openqa.selenium.NoSuchElementException: no such element: Unable to locate element: {"method":"xpath","selector":"//input[@name='f_356424112961']"}
  (Session info: chrome=73.0.3683.86)
  (Driver info: chromedriver=2.43.600210 (68dcf5eebde37173d4027fa8635e332711d2874a),platform=Windows NT 6.1.7601 SP1 x86_64) (WARNING: The server did not provide any stacktrace information)
Command duration or timeout: 0 milliseconds
For documentation on this error, please visit: http://seleniumhq.org/exceptions/no_such_element.html
Build info: version: '3.11.0', revision: 'e59cfb3', time: '2018-03-11T20:26:55.152Z'
System info: host: 'LAPTOP', ip: '172.16.16.54', os.name: 'Windows 7', os.arch: 'amd64', os.version: '6.1', java.version: '1.8.0_181'
Driver info: org.openqa.selenium.chrome.ChromeDriver
Capabilities {acceptInsecureCerts: false, acceptSslCerts: false, applicationCacheEnabled: false, browserConnectionEnabled: false, browserName: chrome, chrome: {chromedriverVersion: 2.43.600210 (68dcf5eebde371..., userDataDir: C:\Users\anojk\AppData\Loca...}, cssSelectorsEnabled: true, databaseEnabled: false, goog:chromeOptions: {debuggerAddress: localhost:56867}, handlesAlerts: true, hasTouchScreen: false, javascriptEnabled: true, locationContextEnabled: true, mobileEmulationEnabled: false, nativeEvents: true, networkConnectionEnabled: false, pageLoadStrategy: normal, platform: XP, platformName: XP, rotatable: false, setWindowRect: true, takesHeapSnapshot: true, takesScreenshot: true, unexpectedAlertBehaviour: , unhandledPromptBehavior: , version: 73.0.3683.86, webStorageEnabled: true}
Session ID: 92300fb1832b7a6b96bb66156feabdff
*** Element info: {Using=xpath, value=//input[@name='f_356424112961']}
at sun.reflect.NativeConstructorAccessorImpl.newInstance0(Native Method)
at sun.reflect.NativeConstructorAccessorImpl.newInstance(Unknown Source)
at sun.reflect.DelegatingConstructorAccessorImpl.newInstance(Unknown Source)
at java.lang.reflect.Constructor.newInstance(Unknown Source)
at org.openqa.selenium.remote.ErrorHandler.createThrowable(ErrorHandler.java:214)
at org.openqa.selenium.remote.ErrorHandler.throwIfResponseFailed(ErrorHandler.java:166)
at org.openqa.selenium.remote.http.JsonHttpResponseCodec.reconstructValue(JsonHttpResponseCodec.java:40)
at org.openqa.selenium.remote.http.AbstractHttpResponseCodec.decode(AbstractHttpResponseCodec.java:80)
at org.openqa.selenium.remote.http.AbstractHttpResponseCodec.decode(AbstractHttpResponseCodec.java:44)
at org.openqa.selenium.remote.HttpCommandExecutor.execute(HttpCommandExecutor.java:158)
at org.openqa.selenium.remote.service.DriverCommandExecutor.execute(DriverCommandExecutor.java:83)
at org.openqa.selenium.remote.RemoteWebDriver.execute(RemoteWebDriver.java:545)
at org.openqa.selenium.remote.RemoteWebDriver.findElement(RemoteWebDriver.java:319)
at org.openqa.selenium.remote.RemoteWebDriver.findElementByXPath(RemoteWebDriver.java:421)
at org.openqa.selenium.By$ByXPath.findElement(By.java:361)
at org.openqa.selenium.remote.RemoteWebDriver.findElement(RemoteWebDriver.java:311)
at Xamplify_TNG.UploadContent.Content_box(UploadContent.java:210)
at sun.reflect.NativeMethodAccessorImpl.invoke0(Native Method)
at sun.reflect.NativeMethodAccessorImpl.invoke(Unknown Source)
at sun.reflect.DelegatingMethodAccessorImpl.invoke(Unknown Source)
at java.lang.reflect.Method.invoke(Unknown Source)
at org.testng.internal.MethodInvocationHelper.invokeMethod(MethodInvocationHelper.java:124)
at org.testng.internal.Invoker.invokeMethod(Invoker.java:580)
at org.testng.internal.Invoker.invokeTestMethod(Invoker.java:716)
at org.testng.internal.Invoker.invokeTestMethods(Invoker.java:988)
at org.testng.internal.TestMethodWorker.invokeTestMethods(TestMethodWorker.java:125)
at org.testng.internal.TestMethodWorker.run(TestMethodWorker.java:109)
at org.testng.TestRunner.privateRun(TestRunner.java:648)
at org.testng.TestRunner.run(TestRunner.java:505)
at org.testng.SuiteRunner.runTest(SuiteRunner.java:455)
at org.testng.SuiteRunner.runSequentially(SuiteRunner.java:450)
at org.testng.SuiteRunner.privateRun(SuiteRunner.java:415)
at org.testng.SuiteRunner.run(SuiteRunner.java:364)
at org.testng.SuiteRunnerWorker.runSuite(SuiteRunnerWorker.java:52)
at org.testng.SuiteRunnerWorker.run(SuiteRunnerWorker.java:84)
at org.testng.TestNG.runSuitesSequentially(TestNG.java:1208)
at org.testng.TestNG.runSuitesLocally(TestNG.java:1137)
at org.testng.TestNG.runSuites(TestNG.java:1049)
at org.testng.TestNG.run(TestNG.java:1017)
at org.testng.remote.AbstractRemoteTestNG.run(AbstractRemoteTestNG.java:114)
at org.testng.remote.RemoteTestNG.initAndRun(RemoteTestNG.java:251)
at org.testng.remote.RemoteTestNG.main(RemoteTestNG.java:77)
]]>
            </full-stacktrace>
          </exception> <!-- org.openqa.selenium.NoSuchElementException -->
          <reporter-output>
          </reporter-output>
        </test-method> <!-- Content_box -->
      </class> <!-- Xamplify_TNG.UploadContent -->
    </test> <!-- TestUploadContent -->
  </suite> <!-- Suite -->
</testng-results>
